<!DOCTYPE html PUBLIC "-//W3C//DTD XHTML 1.1//EN" "https://www.w3.org/TR/xhtml11/DTD/xhtml11.dtd">
<html xmlns="https://www.w3.org/1999/xhtml">
<head>
<meta charset='utf-8'>
<title>TestNG Report</title>
<style type="text/css">
table {margin-bottom:10px;border-collapse:collapse;empty-cells:show}
td,th {border:1px solid #009;padding:.25em .5em}
.result th {vertical-align:bottom}
.param th {padding-left:1em;padding-right:1em}
.param td {padding-left:.5em;padding-right:2em}
.stripe td,.stripe th {background-color: #E6EBF9}
.numi,.numi_attn {text-align:right}
.total td {font-weight:bold}
.passedodd td {background-color: #0A0}
.passedeven td {background-color: #3F3}
.skippedodd td {background-color: #CCC}
.skippedodd td {background-color: #DDD}
.failedodd td,.numi_attn {background-color: #F33}
.failedeven td,.stripe .numi_attn {background-color: #D00}
.stacktrace {white-space:pre;font-family:monospace}
.totop {font-size:85%;text-align:center;border-bottom:2px solid #000}
</style>
</head>
<body>
<table cellspacing="0" cellpadding="0" class="testOverview">
<tr><th>Test</th><th>Methods<br/>Passed</th><th>Scenarios<br/>Passed</th><th># skipped</th><th># failed</th><th>Total<br/>Time</th><th>Included<br/>Groups</th><th>Excluded<br/>Groups</th></tr>
<tr><td style="text-align:left;padding-right:2em"><a href="#t1">C:/Users/mabassra.SCT/OneDrive - DP World/Documents/Projects/AsimSwiggy/src/test/java/SwagiApplication/PizzaHutSwaggy.java</a></td><td class="numi">0</td><td class="numi">0</td><td class="numi_attn">7</td><td class="numi">0</td><td class="numi">0.2 seconds</td><td class="numi"></td><td class="numi"></td></tr>
</table>
<table cellspacing="0" cellpadding="0" class="methodOverview" id="summary">
<tr><th>Class</th><th>Method</th><th># of<br/>Scenarios</th><th>Start</th><th>Time<br/>(ms)</th></tr>
<tr id="t1"><th colspan="5">C:/Users/mabassra.SCT/OneDrive - DP World/Documents/Projects/AsimSwiggy/src/test/java/SwagiApplication/PizzaHutSwaggy.java &#8212; failed (configuration methods)</th></tr>
<tr class="failedodd"><td>SwagiApplication.PizzaHutSwaggy</td><td><a href="#m1"><b>startReport</b>  </a></td><td class="numi">1</td><td>1691917458165</td><td class="numi">-1691917458165</td></tr>
<tr><th colspan="5">C:/Users/mabassra.SCT/OneDrive - DP World/Documents/Projects/AsimSwiggy/src/test/java/SwagiApplication/PizzaHutSwaggy.java &#8212; skipped (configuration methods)</th></tr>
<tr class="skippedodd"><td rowspan="11">SwagiApplication.PizzaHutSwaggy</td><td><a href="#m2"><b>testBegins</b>  </a></td><td class="numi">2</td><td>1691917458213</td><td class="numi">145</td></tr><tr class="skippedodd"><td><a href="#m3"><b>LaunchBrowser</b>  </a></td><td class="numi">1</td><td>1691917458201</td><td class="numi">0</td></tr><tr class="skippedodd"><td><a href="#m4"><b>testBegins</b>  </a></td><td class="numi">2</td><td>1691917458213</td><td class="numi">145</td></tr><tr class="skippedodd"><td><a href="#m5"><b>getResult</b>  </a></td><td class="numi">2</td><td>1691917458352</td><td class="numi">8</td></tr><tr class="skippedodd"><td><a href="#m6"><b>tearDown</b>  </a></td><td class="numi">1</td><td>1691917458389</td><td class="numi">0</td></tr><tr class="skippedodd"><td><a href="#m7"><b>CloseBrowser</b>  </a></td><td class="numi">1</td><td>1691917458362</td><td class="numi">0</td></tr><tr class="skippedodd"><td><a href="#m8"><b>getResult</b>  </a></td><td class="numi">2</td><td>1691917458352</td><td class="numi">8</td></tr><tr class="skippedodd"><td><a href="#m9"><b>ExportDucrEnd</b>  </a></td><td class="numi">1</td><td>1691917458363</td><td class="numi">0</td></tr><tr class="skippedodd"><td><a href="#m10"><b>testEnds</b>  </a></td><td class="numi">2</td><td>1691917458353</td><td class="numi">7</td></tr><tr class="skippedodd"><td><a href="#m11"><b>testEnds</b>  </a></td><td class="numi">2</td><td>1691917458353</td><td class="numi">7</td></tr><tr class="skippedodd"><td><a href="#m12"><b>ExportDucrStrt</b>  </a></td><td class="numi">1</td><td>1691917458200</td><td class="numi">0</td></tr>
<tr><th colspan="5">C:/Users/mabassra.SCT/OneDrive - DP World/Documents/Projects/AsimSwiggy/src/test/java/SwagiApplication/PizzaHutSwaggy.java &#8212; skipped</th></tr>
<tr class="skippedodd"><td rowspan="2">UtilitiesExcelReader.LoginData</td><td><a href="#m13"><b>testReadExcelData</b>  </a></td><td class="numi">5</td><td>1691917458383</td><td class="numi">4</td></tr><tr class="skippedodd"><td><a href="#m14"><b>testReadExcelData</b>  </a></td><td class="numi">5</td><td>1691917458383</td><td class="numi">4</td></tr>
<tr class="skippedeven"><td>SwagiApplication.PizzaHutSwaggy</td><td><a href="#m15"><b>ChooseAhmedabad</b>  </a></td><td class="numi">1</td><td>1691917458214</td><td class="numi">0</td></tr>
<tr class="skippedodd"><td rowspan="3">UtilitiesExcelReader.LoginData</td><td><a href="#m16"><b>testReadExcelData</b>  </a></td><td class="numi">5</td><td>1691917458383</td><td class="numi">4</td></tr><tr class="skippedodd"><td><a href="#m17"><b>testReadExcelData</b>  </a></td><td class="numi">5</td><td>1691917458383</td><td class="numi">4</td></tr><tr class="skippedodd"><td><a href="#m18"><b>testReadExcelData</b>  </a></td><td class="numi">5</td><td>1691917458383</td><td class="numi">4</td></tr>
<tr class="skippedeven"><td>SwagiApplication.PizzaHutSwaggy</td><td><a href="#m19"><b>SelectPizaHut</b>  </a></td><td class="numi">1</td><td>1691917458359</td><td class="numi">0</td></tr>
</table>
<h1>C:/Users/mabassra.SCT/OneDrive - DP World/Documents/Projects/AsimSwiggy/src/test/java/SwagiApplication/PizzaHutSwaggy.java</h1>
<h2 id="m1">SwagiApplication.PizzaHutSwaggy:startReport</h2>
<div>
<div class="stacktrace">org.testng.TestNGException: 
Parameter &apos;OS&apos; is required by BeforeTest on method startReport but has not been marked @Optional or defined
in C:\Users\mabassra.SCT\OneDrive - DP World\Documents\Projects\AsimSwiggy\testngPizzaSwiggyTest.xml
	at org.testng.internal.Parameters.createParams(Parameters.java:267)
	at org.testng.internal.Parameters.createParametersForMethod(Parameters.java:355)
	at org.testng.internal.Parameters.createParameters(Parameters.java:684)
	at org.testng.internal.Parameters.createConfigurationParameters(Parameters.java:166)
	at org.testng.internal.invokers.ConfigInvoker.invokeConfigurations(ConfigInvoker.java:277)
	at org.testng.TestRunner.invokeTestConfigurations(TestRunner.java:644)
	at org.testng.TestRunner.beforeRun(TestRunner.java:633)
	at org.testng.TestRunner.run(TestRunner.java:595)
	at org.testng.SuiteRunner.runTest(SuiteRunner.java:437)
	at org.testng.SuiteRunner.runSequentially(SuiteRunner.java:431)
	at org.testng.SuiteRunner.privateRun(SuiteRunner.java:391)
	at org.testng.SuiteRunner.run(SuiteRunner.java:330)
	at org.testng.SuiteRunnerWorker.runSuite(SuiteRunnerWorker.java:52)
	at org.testng.SuiteRunnerWorker.run(SuiteRunnerWorker.java:95)
	at org.testng.TestNG.runSuitesSequentially(TestNG.java:1256)
	at org.testng.TestNG.runSuitesLocally(TestNG.java:1176)
	at org.testng.TestNG.runSuites(TestNG.java:1099)
	at org.testng.TestNG.run(TestNG.java:1067)
	at com.intellij.rt.testng.IDEARemoteTestNG.run(IDEARemoteTestNG.java:66)
	at com.intellij.rt.testng.RemoteTestNGStarter.main(RemoteTestNGStarter.java:109)
</div>
</div>
<p class="totop"><a href="#summary">back to summary</a></p>
<h2 id="m2">SwagiApplication.PizzaHutSwaggy:testBegins</h2>
<p class="totop"><a href="#summary">back to summary</a></p>
<h2 id="m3">SwagiApplication.PizzaHutSwaggy:LaunchBrowser</h2>
<p class="totop"><a href="#summary">back to summary</a></p>
<h2 id="m4">SwagiApplication.PizzaHutSwaggy:testBegins</h2>
<p class="totop"><a href="#summary">back to summary</a></p>
<h2 id="m5">SwagiApplication.PizzaHutSwaggy:getResult</h2>
<p class="totop"><a href="#summary">back to summary</a></p>
<h2 id="m6">SwagiApplication.PizzaHutSwaggy:tearDown</h2>
<p class="totop"><a href="#summary">back to summary</a></p>
<h2 id="m7">SwagiApplication.PizzaHutSwaggy:CloseBrowser</h2>
<p class="totop"><a href="#summary">back to summary</a></p>
<h2 id="m8">SwagiApplication.PizzaHutSwaggy:getResult</h2>
<p class="totop"><a href="#summary">back to summary</a></p>
<h2 id="m9">SwagiApplication.PizzaHutSwaggy:testEnds</h2>
<p class="totop"><a href="#summary">back to summary</a></p>
<h2 id="m10">SwagiApplication.PizzaHutSwaggy:ExportDucrEnd</h2>
<p class="totop"><a href="#summary">back to summary</a></p>
<h2 id="m11">SwagiApplication.PizzaHutSwaggy:ExportDucrStrt</h2>
<p class="totop"><a href="#summary">back to summary</a></p>
<h2 id="m12">SwagiApplication.PizzaHutSwaggy:testEnds</h2>
<p class="totop"><a href="#summary">back to summary</a></p>
<h2 id="m13">SwagiApplication.PizzaHutSwaggy:ChooseAhmedabad</h2>
<div>
<div class="stacktrace">org.testng.TestNGException: 
Parameter &apos;OS&apos; is required by BeforeTest on method startReport but has not been marked @Optional or defined
in C:\Users\mabassra.SCT\OneDrive - DP World\Documents\Projects\AsimSwiggy\testngPizzaSwiggyTest.xml
	at org.testng.internal.Parameters.createParams(Parameters.java:267)
	at org.testng.internal.Parameters.createParametersForMethod(Parameters.java:355)
	at org.testng.internal.Parameters.createParameters(Parameters.java:684)
	at org.testng.internal.Parameters.createConfigurationParameters(Parameters.java:166)
	at org.testng.internal.invokers.ConfigInvoker.invokeConfigurations(ConfigInvoker.java:277)
	at org.testng.TestRunner.invokeTestConfigurations(TestRunner.java:644)
	at org.testng.TestRunner.beforeRun(TestRunner.java:633)
	at org.testng.TestRunner.run(TestRunner.java:595)
	at org.testng.SuiteRunner.runTest(SuiteRunner.java:437)
	at org.testng.SuiteRunner.runSequentially(SuiteRunner.java:431)
	at org.testng.SuiteRunner.privateRun(SuiteRunner.java:391)
	at org.testng.SuiteRunner.run(SuiteRunner.java:330)
	at org.testng.SuiteRunnerWorker.runSuite(SuiteRunnerWorker.java:52)
	at org.testng.SuiteRunnerWorker.run(SuiteRunnerWorker.java:95)
	at org.testng.TestNG.runSuitesSequentially(TestNG.java:1256)
	at org.testng.TestNG.runSuitesLocally(TestNG.java:1176)
	at org.testng.TestNG.runSuites(TestNG.java:1099)
	at org.testng.TestNG.run(TestNG.java:1067)
	at com.intellij.rt.testng.IDEARemoteTestNG.run(IDEARemoteTestNG.java:66)
	at com.intellij.rt.testng.RemoteTestNGStarter.main(RemoteTestNGStarter.java:109)
</div>
</div>
<p class="totop"><a href="#summary">back to summary</a></p>
<h2 id="m14">UtilitiesExcelReader.LoginData:testReadExcelData</h2>
<table cellspacing="0" cellpadding="0" class="result">
<tr class="param"><th>Parameter #1</th><th>Parameter #2</th><th>Parameter #3</th></tr>
<tr class="param stripe"><td>Rohit</td>
<td>Sehgal</td>
<td>so3455o</td>
</tr>
<tr><td colspan="3">
<div class="stacktrace">org.testng.TestNGException: 
Parameter &apos;OS&apos; is required by BeforeTest on method startReport but has not been marked @Optional or defined
in C:\Users\mabassra.SCT\OneDrive - DP World\Documents\Projects\AsimSwiggy\testngPizzaSwiggyTest.xml
	at org.testng.internal.Parameters.createParams(Parameters.java:267)
	at org.testng.internal.Parameters.createParametersForMethod(Parameters.java:355)
	at org.testng.internal.Parameters.createParameters(Parameters.java:684)
	at org.testng.internal.Parameters.createConfigurationParameters(Parameters.java:166)
	at org.testng.internal.invokers.ConfigInvoker.invokeConfigurations(ConfigInvoker.java:277)
	at org.testng.TestRunner.invokeTestConfigurations(TestRunner.java:644)
	at org.testng.TestRunner.beforeRun(TestRunner.java:633)
	at org.testng.TestRunner.run(TestRunner.java:595)
	at org.testng.SuiteRunner.runTest(SuiteRunner.java:437)
	at org.testng.SuiteRunner.runSequentially(SuiteRunner.java:431)
	at org.testng.SuiteRunner.privateRun(SuiteRunner.java:391)
	at org.testng.SuiteRunner.run(SuiteRunner.java:330)
	at org.testng.SuiteRunnerWorker.runSuite(SuiteRunnerWorker.java:52)
	at org.testng.SuiteRunnerWorker.run(SuiteRunnerWorker.java:95)
	at org.testng.TestNG.runSuitesSequentially(TestNG.java:1256)
	at org.testng.TestNG.runSuitesLocally(TestNG.java:1176)
	at org.testng.TestNG.runSuites(TestNG.java:1099)
	at org.testng.TestNG.run(TestNG.java:1067)
	at com.intellij.rt.testng.IDEARemoteTestNG.run(IDEARemoteTestNG.java:66)
	at com.intellij.rt.testng.RemoteTestNGStarter.main(RemoteTestNGStarter.java:109)
</div>
</td></tr>
</table>
<p class="totop"><a href="#summary">back to summary</a></p>
<h2 id="m15">UtilitiesExcelReader.LoginData:testReadExcelData</h2>
<table cellspacing="0" cellpadding="0" class="result">
<tr class="param"><th>Parameter #1</th><th>Parameter #2</th><th>Parameter #3</th></tr>
<tr class="param stripe"><td>Rahul</td>
<td>Arora</td>
<td>so3455o</td>
</tr>
<tr><td colspan="3">
<div class="stacktrace">org.testng.TestNGException: 
Parameter &apos;OS&apos; is required by BeforeTest on method startReport but has not been marked @Optional or defined
in C:\Users\mabassra.SCT\OneDrive - DP World\Documents\Projects\AsimSwiggy\testngPizzaSwiggyTest.xml
	at org.testng.internal.Parameters.createParams(Parameters.java:267)
	at org.testng.internal.Parameters.createParametersForMethod(Parameters.java:355)
	at org.testng.internal.Parameters.createParameters(Parameters.java:684)
	at org.testng.internal.Parameters.createConfigurationParameters(Parameters.java:166)
	at org.testng.internal.invokers.ConfigInvoker.invokeConfigurations(ConfigInvoker.java:277)
	at org.testng.TestRunner.invokeTestConfigurations(TestRunner.java:644)
	at org.testng.TestRunner.beforeRun(TestRunner.java:633)
	at org.testng.TestRunner.run(TestRunner.java:595)
	at org.testng.SuiteRunner.runTest(SuiteRunner.java:437)
	at org.testng.SuiteRunner.runSequentially(SuiteRunner.java:431)
	at org.testng.SuiteRunner.privateRun(SuiteRunner.java:391)
	at org.testng.SuiteRunner.run(SuiteRunner.java:330)
	at org.testng.SuiteRunnerWorker.runSuite(SuiteRunnerWorker.java:52)
	at org.testng.SuiteRunnerWorker.run(SuiteRunnerWorker.java:95)
	at org.testng.TestNG.runSuitesSequentially(TestNG.java:1256)
	at org.testng.TestNG.runSuitesLocally(TestNG.java:1176)
	at org.testng.TestNG.runSuites(TestNG.java:1099)
	at org.testng.TestNG.run(TestNG.java:1067)
	at com.intellij.rt.testng.IDEARemoteTestNG.run(IDEARemoteTestNG.java:66)
	at com.intellij.rt.testng.RemoteTestNGStarter.main(RemoteTestNGStarter.java:109)
</div>
</td></tr>
</table>
<p class="totop"><a href="#summary">back to summary</a></p>
<h2 id="m16">UtilitiesExcelReader.LoginData:testReadExcelData</h2>
<table cellspacing="0" cellpadding="0" class="result">
<tr class="param"><th>Parameter #1</th><th>Parameter #2</th><th>Parameter #3</th></tr>
<tr class="param stripe"><td>Asim</td>
<td>Bassra</td>
<td>SO15 5RS</td>
</tr>
<tr><td colspan="3">
<div class="stacktrace">org.testng.TestNGException: 
Parameter &apos;OS&apos; is required by BeforeTest on method startReport but has not been marked @Optional or defined
in C:\Users\mabassra.SCT\OneDrive - DP World\Documents\Projects\AsimSwiggy\testngPizzaSwiggyTest.xml
	at org.testng.internal.Parameters.createParams(Parameters.java:267)
	at org.testng.internal.Parameters.createParametersForMethod(Parameters.java:355)
	at org.testng.internal.Parameters.createParameters(Parameters.java:684)
	at org.testng.internal.Parameters.createConfigurationParameters(Parameters.java:166)
	at org.testng.internal.invokers.ConfigInvoker.invokeConfigurations(ConfigInvoker.java:277)
	at org.testng.TestRunner.invokeTestConfigurations(TestRunner.java:644)
	at org.testng.TestRunner.beforeRun(TestRunner.java:633)
	at org.testng.TestRunner.run(TestRunner.java:595)
	at org.testng.SuiteRunner.runTest(SuiteRunner.java:437)
	at org.testng.SuiteRunner.runSequentially(SuiteRunner.java:431)
	at org.testng.SuiteRunner.privateRun(SuiteRunner.java:391)
	at org.testng.SuiteRunner.run(SuiteRunner.java:330)
	at org.testng.SuiteRunnerWorker.runSuite(SuiteRunnerWorker.java:52)
	at org.testng.SuiteRunnerWorker.run(SuiteRunnerWorker.java:95)
	at org.testng.TestNG.runSuitesSequentially(TestNG.java:1256)
	at org.testng.TestNG.runSuitesLocally(TestNG.java:1176)
	at org.testng.TestNG.runSuites(TestNG.java:1099)
	at org.testng.TestNG.run(TestNG.java:1067)
	at com.intellij.rt.testng.IDEARemoteTestNG.run(IDEARemoteTestNG.java:66)
	at com.intellij.rt.testng.RemoteTestNGStarter.main(RemoteTestNGStarter.java:109)
</div>
</td></tr>
</table>
<p class="totop"><a href="#summary">back to summary</a></p>
<h2 id="m17">UtilitiesExcelReader.LoginData:testReadExcelData</h2>
<table cellspacing="0" cellpadding="0" class="result">
<tr class="param"><th>Parameter #1</th><th>Parameter #2</th><th>Parameter #3</th></tr>
<tr class="param stripe"><td>Rashid</td>
<td>Arora</td>
<td>so3455o</td>
</tr>
<tr><td colspan="3">
<div class="stacktrace">org.testng.TestNGException: 
Parameter &apos;OS&apos; is required by BeforeTest on method startReport but has not been marked @Optional or defined
in C:\Users\mabassra.SCT\OneDrive - DP World\Documents\Projects\AsimSwiggy\testngPizzaSwiggyTest.xml
	at org.testng.internal.Parameters.createParams(Parameters.java:267)
	at org.testng.internal.Parameters.createParametersForMethod(Parameters.java:355)
	at org.testng.internal.Parameters.createParameters(Parameters.java:684)
	at org.testng.internal.Parameters.createConfigurationParameters(Parameters.java:166)
	at org.testng.internal.invokers.ConfigInvoker.invokeConfigurations(ConfigInvoker.java:277)
	at org.testng.TestRunner.invokeTestConfigurations(TestRunner.java:644)
	at org.testng.TestRunner.beforeRun(TestRunner.java:633)
	at org.testng.TestRunner.run(TestRunner.java:595)
	at org.testng.SuiteRunner.runTest(SuiteRunner.java:437)
	at org.testng.SuiteRunner.runSequentially(SuiteRunner.java:431)
	at org.testng.SuiteRunner.privateRun(SuiteRunner.java:391)
	at org.testng.SuiteRunner.run(SuiteRunner.java:330)
	at org.testng.SuiteRunnerWorker.runSuite(SuiteRunnerWorker.java:52)
	at org.testng.SuiteRunnerWorker.run(SuiteRunnerWorker.java:95)
	at org.testng.TestNG.runSuitesSequentially(TestNG.java:1256)
	at org.testng.TestNG.runSuitesLocally(TestNG.java:1176)
	at org.testng.TestNG.runSuites(TestNG.java:1099)
	at org.testng.TestNG.run(TestNG.java:1067)
	at com.intellij.rt.testng.IDEARemoteTestNG.run(IDEARemoteTestNG.java:66)
	at com.intellij.rt.testng.RemoteTestNGStarter.main(RemoteTestNGStarter.java:109)
</div>
</td></tr>
</table>
<p class="totop"><a href="#summary">back to summary</a></p>
<h2 id="m18">UtilitiesExcelReader.LoginData:testReadExcelData</h2>
<table cellspacing="0" cellpadding="0" class="result">
<tr class="param"><th>Parameter #1</th><th>Parameter #2</th><th>Parameter #3</th></tr>
<tr class="param stripe"><td>isita</td>
<td>Arora</td>
<td>so3455o</td>
</tr>
<tr><td colspan="3">
<div class="stacktrace">org.testng.TestNGException: 
Parameter &apos;OS&apos; is required by BeforeTest on method startReport but has not been marked @Optional or defined
in C:\Users\mabassra.SCT\OneDrive - DP World\Documents\Projects\AsimSwiggy\testngPizzaSwiggyTest.xml
	at org.testng.internal.Parameters.createParams(Parameters.java:267)
	at org.testng.internal.Parameters.createParametersForMethod(Parameters.java:355)
	at org.testng.internal.Parameters.createParameters(Parameters.java:684)
	at org.testng.internal.Parameters.createConfigurationParameters(Parameters.java:166)
	at org.testng.internal.invokers.ConfigInvoker.invokeConfigurations(ConfigInvoker.java:277)
	at org.testng.TestRunner.invokeTestConfigurations(TestRunner.java:644)
	at org.testng.TestRunner.beforeRun(TestRunner.java:633)
	at org.testng.TestRunner.run(TestRunner.java:595)
	at org.testng.SuiteRunner.runTest(SuiteRunner.java:437)
	at org.testng.SuiteRunner.runSequentially(SuiteRunner.java:431)
	at org.testng.SuiteRunner.privateRun(SuiteRunner.java:391)
	at org.testng.SuiteRunner.run(SuiteRunner.java:330)
	at org.testng.SuiteRunnerWorker.runSuite(SuiteRunnerWorker.java:52)
	at org.testng.SuiteRunnerWorker.run(SuiteRunnerWorker.java:95)
	at org.testng.TestNG.runSuitesSequentially(TestNG.java:1256)
	at org.testng.TestNG.runSuitesLocally(TestNG.java:1176)
	at org.testng.TestNG.runSuites(TestNG.java:1099)
	at org.testng.TestNG.run(TestNG.java:1067)
	at com.intellij.rt.testng.IDEARemoteTestNG.run(IDEARemoteTestNG.java:66)
	at com.intellij.rt.testng.RemoteTestNGStarter.main(RemoteTestNGStarter.java:109)
</div>
</td></tr>
</table>
<p class="totop"><a href="#summary">back to summary</a></p>
<h2 id="m19">SwagiApplication.PizzaHutSwaggy:SelectPizaHut</h2>
<div>
<div class="stacktrace">org.testng.TestNGException: 
Parameter &apos;OS&apos; is required by BeforeTest on method startReport but has not been marked @Optional or defined
in C:\Users\mabassra.SCT\OneDrive - DP World\Documents\Projects\AsimSwiggy\testngPizzaSwiggyTest.xml
	at org.testng.internal.Parameters.createParams(Parameters.java:267)
	at org.testng.internal.Parameters.createParametersForMethod(Parameters.java:355)
	at org.testng.internal.Parameters.createParameters(Parameters.java:684)
	at org.testng.internal.Parameters.createConfigurationParameters(Parameters.java:166)
	at org.testng.internal.invokers.ConfigInvoker.invokeConfigurations(ConfigInvoker.java:277)
	at org.testng.TestRunner.invokeTestConfigurations(TestRunner.java:644)
	at org.testng.TestRunner.beforeRun(TestRunner.java:633)
	at org.testng.TestRunner.run(TestRunner.java:595)
	at org.testng.SuiteRunner.runTest(SuiteRunner.java:437)
	at org.testng.SuiteRunner.runSequentially(SuiteRunner.java:431)
	at org.testng.SuiteRunner.privateRun(SuiteRunner.java:391)
	at org.testng.SuiteRunner.run(SuiteRunner.java:330)
	at org.testng.SuiteRunnerWorker.runSuite(SuiteRunnerWorker.java:52)
	at org.testng.SuiteRunnerWorker.run(SuiteRunnerWorker.java:95)
	at org.testng.TestNG.runSuitesSequentially(TestNG.java:1256)
	at org.testng.TestNG.runSuitesLocally(TestNG.java:1176)
	at org.testng.TestNG.runSuites(TestNG.java:1099)
	at org.testng.TestNG.run(TestNG.java:1067)
	at com.intellij.rt.testng.IDEARemoteTestNG.run(IDEARemoteTestNG.java:66)
	at com.intellij.rt.testng.RemoteTestNGStarter.main(RemoteTestNGStarter.java:109)
</div>
</div>
<p class="totop"><a href="#summary">back to summary</a></p>
</body></html>
